{"/Users/alekseychernenko/Downloads/cart-parser/src/CartParser.js": {"path":"/Users/alekseychernenko/Downloads/cart-parser/src/CartParser.js","statementMap":{"0":{"start":{"line":7,"column":8},"end":{"line":10,"column":10}},"1":{"start":{"line":12,"column":8},"end":{"line":16,"column":9}},"2":{"start":{"line":18,"column":8},"end":{"line":36,"column":9}},"3":{"start":{"line":48,"column":23},"end":{"line":48,"column":42}},"4":{"start":{"line":49,"column":31},"end":{"line":49,"column":54}},"5":{"start":{"line":51,"column":8},"end":{"line":54,"column":9}},"6":{"start":{"line":52,"column":12},"end":{"line":52,"column":44}},"7":{"start":{"line":53,"column":12},"end":{"line":53,"column":46}},"8":{"start":{"line":57,"column":20},"end":{"line":57,"column":79}},"9":{"start":{"line":57,"column":53},"end":{"line":57,"column":54}},"10":{"start":{"line":57,"column":73},"end":{"line":57,"column":78}},"11":{"start":{"line":58,"column":20},"end":{"line":58,"column":53}},"12":{"start":{"line":58,"column":35},"end":{"line":58,"column":52}},"13":{"start":{"line":59,"column":20},"end":{"line":59,"column":41}},"14":{"start":{"line":61,"column":8},"end":{"line":64,"column":10}},"15":{"start":{"line":75,"column":8},"end":{"line":75,"column":48}},"16":{"start":{"line":89,"column":21},"end":{"line":89,"column":23}},"17":{"start":{"line":90,"column":20},"end":{"line":90,"column":55}},"18":{"start":{"line":90,"column":53},"end":{"line":90,"column":54}},"19":{"start":{"line":91,"column":26},"end":{"line":91,"column":34}},"20":{"start":{"line":92,"column":24},"end":{"line":92,"column":53}},"21":{"start":{"line":92,"column":47},"end":{"line":92,"column":52}},"22":{"start":{"line":94,"column":24},"end":{"line":94,"column":65}},"23":{"start":{"line":94,"column":56},"end":{"line":94,"column":64}},"24":{"start":{"line":96,"column":8},"end":{"line":106,"column":9}},"25":{"start":{"line":97,"column":33},"end":{"line":97,"column":60}},"26":{"start":{"line":98,"column":12},"end":{"line":105,"column":13}},"27":{"start":{"line":99,"column":16},"end":{"line":104,"column":19}},"28":{"start":{"line":108,"column":8},"end":{"line":157,"column":9}},"29":{"start":{"line":109,"column":26},"end":{"line":109,"column":68}},"30":{"start":{"line":109,"column":59},"end":{"line":109,"column":67}},"31":{"start":{"line":111,"column":12},"end":{"line":119,"column":13}},"32":{"start":{"line":112,"column":16},"end":{"line":117,"column":19}},"33":{"start":{"line":118,"column":16},"end":{"line":118,"column":25}},"34":{"start":{"line":121,"column":12},"end":{"line":156,"column":13}},"35":{"start":{"line":123,"column":27},"end":{"line":123,"column":35}},"36":{"start":{"line":124,"column":33},"end":{"line":124,"column":60}},"37":{"start":{"line":126,"column":16},"end":{"line":155,"column":17}},"38":{"start":{"line":128,"column":24},"end":{"line":135,"column":25}},"39":{"start":{"line":129,"column":28},"end":{"line":134,"column":31}},"40":{"start":{"line":136,"column":24},"end":{"line":136,"column":30}},"41":{"start":{"line":139,"column":45},"end":{"line":139,"column":57}},"42":{"start":{"line":140,"column":24},"end":{"line":151,"column":25}},"43":{"start":{"line":145,"column":28},"end":{"line":150,"column":31}},"44":{"start":{"line":152,"column":24},"end":{"line":152,"column":30}},"45":{"start":{"line":154,"column":29},"end":{"line":154,"column":35}},"46":{"start":{"line":159,"column":8},"end":{"line":159,"column":22}},"47":{"start":{"line":172,"column":22},"end":{"line":172,"column":41}},"48":{"start":{"line":173,"column":20},"end":{"line":173,"column":54}},"49":{"start":{"line":173,"column":42},"end":{"line":173,"column":53}},"50":{"start":{"line":174,"column":19},"end":{"line":174,"column":52}},"51":{"start":{"line":174,"column":41},"end":{"line":174,"column":51}},"52":{"start":{"line":175,"column":21},"end":{"line":175,"column":64}},"53":{"start":{"line":175,"column":52},"end":{"line":175,"column":63}},"54":{"start":{"line":176,"column":19},"end":{"line":176,"column":21}},"55":{"start":{"line":178,"column":8},"end":{"line":186,"column":9}},"56":{"start":{"line":180,"column":23},"end":{"line":180,"column":31}},"57":{"start":{"line":181,"column":22},"end":{"line":181,"column":29}},"58":{"start":{"line":182,"column":24},"end":{"line":182,"column":33}},"59":{"start":{"line":183,"column":29},"end":{"line":183,"column":93}},"60":{"start":{"line":185,"column":12},"end":{"line":185,"column":35}},"61":{"start":{"line":188,"column":8},"end":{"line":188,"column":28}},"62":{"start":{"line":190,"column":8},"end":{"line":190,"column":20}},"63":{"start":{"line":201,"column":8},"end":{"line":204,"column":10}},"64":{"start":{"line":202,"column":26},"end":{"line":202,"column":56}},"65":{"start":{"line":216,"column":8},"end":{"line":218,"column":10}}},"fnMap":{"0":{"name":"(anonymous_0)","decl":{"start":{"line":6,"column":4},"end":{"line":6,"column":5}},"loc":{"start":{"line":6,"column":18},"end":{"line":37,"column":5}},"line":6},"1":{"name":"(anonymous_1)","decl":{"start":{"line":46,"column":4},"end":{"line":46,"column":5}},"loc":{"start":{"line":46,"column":16},"end":{"line":65,"column":5}},"line":46},"2":{"name":"(anonymous_2)","decl":{"start":{"line":57,"column":48},"end":{"line":57,"column":49}},"loc":{"start":{"line":57,"column":53},"end":{"line":57,"column":54}},"line":57},"3":{"name":"(anonymous_3)","decl":{"start":{"line":57,"column":63},"end":{"line":57,"column":64}},"loc":{"start":{"line":57,"column":73},"end":{"line":57,"column":78}},"line":57},"4":{"name":"(anonymous_4)","decl":{"start":{"line":58,"column":30},"end":{"line":58,"column":31}},"loc":{"start":{"line":58,"column":35},"end":{"line":58,"column":52}},"line":58},"5":{"name":"(anonymous_5)","decl":{"start":{"line":74,"column":4},"end":{"line":74,"column":5}},"loc":{"start":{"line":74,"column":19},"end":{"line":76,"column":5}},"line":74},"6":{"name":"(anonymous_6)","decl":{"start":{"line":87,"column":4},"end":{"line":87,"column":5}},"loc":{"start":{"line":87,"column":23},"end":{"line":160,"column":5}},"line":87},"7":{"name":"(anonymous_7)","decl":{"start":{"line":90,"column":48},"end":{"line":90,"column":49}},"loc":{"start":{"line":90,"column":53},"end":{"line":90,"column":54}},"line":90},"8":{"name":"(anonymous_8)","decl":{"start":{"line":92,"column":37},"end":{"line":92,"column":38}},"loc":{"start":{"line":92,"column":47},"end":{"line":92,"column":52}},"line":92},"9":{"name":"(anonymous_9)","decl":{"start":{"line":94,"column":51},"end":{"line":94,"column":52}},"loc":{"start":{"line":94,"column":56},"end":{"line":94,"column":64}},"line":94},"10":{"name":"(anonymous_10)","decl":{"start":{"line":109,"column":54},"end":{"line":109,"column":55}},"loc":{"start":{"line":109,"column":59},"end":{"line":109,"column":67}},"line":109},"11":{"name":"(anonymous_11)","decl":{"start":{"line":170,"column":4},"end":{"line":170,"column":5}},"loc":{"start":{"line":170,"column":23},"end":{"line":191,"column":5}},"line":170},"12":{"name":"(anonymous_12)","decl":{"start":{"line":173,"column":32},"end":{"line":173,"column":33}},"loc":{"start":{"line":173,"column":42},"end":{"line":173,"column":53}},"line":173},"13":{"name":"(anonymous_13)","decl":{"start":{"line":174,"column":31},"end":{"line":174,"column":32}},"loc":{"start":{"line":174,"column":41},"end":{"line":174,"column":51}},"line":174},"14":{"name":"(anonymous_14)","decl":{"start":{"line":175,"column":44},"end":{"line":175,"column":45}},"loc":{"start":{"line":175,"column":52},"end":{"line":175,"column":63}},"line":175},"15":{"name":"(anonymous_15)","decl":{"start":{"line":200,"column":4},"end":{"line":200,"column":5}},"loc":{"start":{"line":200,"column":25},"end":{"line":205,"column":5}},"line":200},"16":{"name":"(anonymous_16)","decl":{"start":{"line":202,"column":12},"end":{"line":202,"column":13}},"loc":{"start":{"line":202,"column":26},"end":{"line":202,"column":56}},"line":202},"17":{"name":"(anonymous_17)","decl":{"start":{"line":215,"column":4},"end":{"line":215,"column":5}},"loc":{"start":{"line":215,"column":44},"end":{"line":219,"column":5}},"line":215}},"branchMap":{"0":{"loc":{"start":{"line":51,"column":8},"end":{"line":54,"column":9}},"type":"if","locations":[{"start":{"line":51,"column":8},"end":{"line":54,"column":9}},{"start":{"line":51,"column":8},"end":{"line":54,"column":9}}],"line":51},"1":{"loc":{"start":{"line":98,"column":12},"end":{"line":105,"column":13}},"type":"if","locations":[{"start":{"line":98,"column":12},"end":{"line":105,"column":13}},{"start":{"line":98,"column":12},"end":{"line":105,"column":13}}],"line":98},"2":{"loc":{"start":{"line":111,"column":12},"end":{"line":119,"column":13}},"type":"if","locations":[{"start":{"line":111,"column":12},"end":{"line":119,"column":13}},{"start":{"line":111,"column":12},"end":{"line":119,"column":13}}],"line":111},"3":{"loc":{"start":{"line":126,"column":16},"end":{"line":155,"column":17}},"type":"switch","locations":[{"start":{"line":127,"column":20},"end":{"line":137,"column":21}},{"start":{"line":138,"column":20},"end":{"line":153,"column":21}},{"start":{"line":154,"column":20},"end":{"line":154,"column":35}}],"line":126},"4":{"loc":{"start":{"line":128,"column":24},"end":{"line":135,"column":25}},"type":"if","locations":[{"start":{"line":128,"column":24},"end":{"line":135,"column":25}},{"start":{"line":128,"column":24},"end":{"line":135,"column":25}}],"line":128},"5":{"loc":{"start":{"line":140,"column":24},"end":{"line":151,"column":25}},"type":"if","locations":[{"start":{"line":140,"column":24},"end":{"line":151,"column":25}},{"start":{"line":140,"column":24},"end":{"line":151,"column":25}}],"line":140},"6":{"loc":{"start":{"line":141,"column":28},"end":{"line":143,"column":44}},"type":"binary-expr","locations":[{"start":{"line":141,"column":28},"end":{"line":141,"column":60}},{"start":{"line":142,"column":28},"end":{"line":142,"column":54}},{"start":{"line":143,"column":28},"end":{"line":143,"column":44}}],"line":141},"7":{"loc":{"start":{"line":183,"column":29},"end":{"line":183,"column":93}},"type":"cond-expr","locations":[{"start":{"line":183,"column":72},"end":{"line":183,"column":85}},{"start":{"line":183,"column":88},"end":{"line":183,"column":93}}],"line":183}},"s":{"0":11,"1":11,"2":11,"3":1,"4":1,"5":1,"6":0,"7":0,"8":1,"9":7,"10":6,"11":1,"12":5,"13":1,"14":1,"15":1,"16":9,"17":9,"18":21,"19":9,"20":9,"21":20,"22":9,"23":27,"24":9,"25":27,"26":27,"27":2,"28":9,"29":11,"30":30,"31":11,"32":2,"33":2,"34":9,"35":27,"36":27,"37":27,"38":9,"39":1,"40":9,"41":18,"42":18,"43":2,"44":18,"45":0,"46":9,"47":6,"48":6,"49":18,"50":6,"51":18,"52":6,"53":18,"54":6,"55":6,"56":18,"57":18,"58":18,"59":18,"60":18,"61":6,"62":6,"63":2,"64":7,"65":4},"f":{"0":11,"1":1,"2":7,"3":6,"4":5,"5":1,"6":9,"7":21,"8":20,"9":27,"10":30,"11":6,"12":18,"13":18,"14":18,"15":2,"16":7,"17":4},"b":{"0":[0,1],"1":[2,25],"2":[2,9],"3":[9,18,0],"4":[1,8],"5":[2,16],"6":[18,18,16],"7":[12,6]},"_coverageSchema":"332fd63041d2c1bcb487cc26dd0d5f7d97098a6c","hash":"ed6c05cb3f6efa5317144537754f3bac0a628610"}
}
