TN:
SF:/Users/alekseychernenko/Downloads/cart-parser/src/CartParser.js
FN:6,(anonymous_0)
FN:46,(anonymous_1)
FN:57,(anonymous_2)
FN:57,(anonymous_3)
FN:58,(anonymous_4)
FN:74,(anonymous_5)
FN:87,(anonymous_6)
FN:90,(anonymous_7)
FN:92,(anonymous_8)
FN:94,(anonymous_9)
FN:109,(anonymous_10)
FN:170,(anonymous_11)
FN:173,(anonymous_12)
FN:174,(anonymous_13)
FN:175,(anonymous_14)
FN:200,(anonymous_15)
FN:202,(anonymous_16)
FN:215,(anonymous_17)
FNF:18
FNH:18
FNDA:11,(anonymous_0)
FNDA:1,(anonymous_1)
FNDA:7,(anonymous_2)
FNDA:6,(anonymous_3)
FNDA:5,(anonymous_4)
FNDA:1,(anonymous_5)
FNDA:9,(anonymous_6)
FNDA:21,(anonymous_7)
FNDA:20,(anonymous_8)
FNDA:27,(anonymous_9)
FNDA:30,(anonymous_10)
FNDA:6,(anonymous_11)
FNDA:18,(anonymous_12)
FNDA:18,(anonymous_13)
FNDA:18,(anonymous_14)
FNDA:2,(anonymous_15)
FNDA:7,(anonymous_16)
FNDA:4,(anonymous_17)
DA:7,11
DA:12,11
DA:18,11
DA:48,1
DA:49,1
DA:51,1
DA:52,0
DA:53,0
DA:57,7
DA:58,5
DA:59,1
DA:61,1
DA:75,1
DA:89,9
DA:90,21
DA:91,9
DA:92,20
DA:94,27
DA:96,9
DA:97,27
DA:98,27
DA:99,2
DA:108,9
DA:109,30
DA:111,11
DA:112,2
DA:118,2
DA:121,9
DA:123,27
DA:124,27
DA:126,27
DA:128,9
DA:129,1
DA:136,9
DA:139,18
DA:140,18
DA:145,2
DA:152,18
DA:154,0
DA:159,9
DA:172,6
DA:173,18
DA:174,18
DA:175,18
DA:176,6
DA:178,6
DA:180,18
DA:181,18
DA:182,18
DA:183,18
DA:185,18
DA:188,6
DA:190,6
DA:201,2
DA:202,7
DA:216,4
LF:56
LH:53
BRDA:51,0,0,0
BRDA:51,0,1,1
BRDA:98,1,0,2
BRDA:98,1,1,25
BRDA:111,2,0,2
BRDA:111,2,1,9
BRDA:126,3,0,9
BRDA:126,3,1,18
BRDA:126,3,2,0
BRDA:128,4,0,1
BRDA:128,4,1,8
BRDA:140,5,0,2
BRDA:140,5,1,16
BRDA:141,6,0,18
BRDA:141,6,1,18
BRDA:141,6,2,16
BRDA:183,7,0,12
BRDA:183,7,1,6
BRF:18
BRH:16
end_of_record
